# JRE version: OpenJDK Runtime Environment (11.0.4+11) (build 11.0.4+11)
# Java VM: OpenJDK 64-Bit Server VM (11.0.4+11, mixed mode, tiered, compressed oops, g1 gc, windows-amd64)
Heap:
 garbage-first heap   total 129024K, used 46005K [0x00000000c0000000, 0x0000000100000000)
  region size 1024K, 15 young (15360K), 7 survivors (7168K)
 Metaspace       used 51306K, capacity 53692K, committed 53840K, reserved 1097728K
  class space    used 5237K, capacity 6052K, committed 6144K, reserved 1048576K
GC Heap History (10 events):
Event: 6.490 GC heap before
{Heap before GC invocations=5 (full 0):
 garbage-first heap   total 129024K, used 25334K [0x00000000c0000000, 0x0000000100000000)
  region size 1024K, 18 young (18432K), 5 survivors (5120K)
 Metaspace       used 34136K, capacity 35817K, committed 35920K, reserved 1081344K
  class space    used 3428K, capacity 4053K, committed 4096K, reserved 1048576K
}
Event: 6.496 GC heap after
{Heap after GC invocations=6 (full 0):
 garbage-first heap   total 129024K, used 17209K [0x00000000c0000000, 0x0000000100000000)
  region size 1024K, 9 young (9216K), 9 survivors (9216K)
 Metaspace       used 34136K, capacity 35817K, committed 35920K, reserved 1081344K
  class space    used 3428K, capacity 4053K, committed 4096K, reserved 1048576K
}
Event: 7.513 GC heap before
{Heap before GC invocations=7 (full 0):
 garbage-first heap   total 129024K, used 72505K [0x00000000c0000000, 0x0000000100000000)
  region size 1024K, 64 young (65536K), 9 survivors (9216K)
 Metaspace       used 42429K, capacity 44739K, committed 45008K, reserved 1089536K
  class space    used 4344K, capacity 5162K, committed 5248K, reserved 1048576K
}
Event: 7.529 GC heap after
{Heap after GC invocations=8 (full 0):
 garbage-first heap   total 129024K, used 20725K [0x00000000c0000000, 0x0000000100000000)
  region size 1024K, 8 young (8192K), 8 survivors (8192K)
 Metaspace       used 42429K, capacity 44739K, committed 45008K, reserved 1089536K
  class space    used 4344K, capacity 5162K, committed 5248K, reserved 1048576K
}
Event: 7.879 GC heap before
{Heap before GC invocations=8 (full 0):
 garbage-first heap   total 129024K, used 79093K [0x00000000c0000000, 0x0000000100000000)
  region size 1024K, 65 young (66560K), 8 survivors (8192K)
 Metaspace       used 46258K, capacity 48535K, committed 48720K, reserved 1093632K
  class space    used 4781K, capacity 5594K, committed 5632K, reserved 1048576K
}
Event: 7.888 GC heap after
{Heap after GC invocations=9 (full 0):
 garbage-first heap   total 129024K, used 26232K [0x00000000c0000000, 0x0000000100000000)
  region size 1024K, 9 young (9216K), 9 survivors (9216K)
 Metaspace       used 46258K, capacity 48535K, committed 48720K, reserved 1093632K
  class space    used 4781K, capacity 5594K, committed 5632K, reserved 1048576K
}
Event: 8.026 GC heap before
{Heap before GC invocations=9 (full 0):
 garbage-first heap   total 129024K, used 83576K [0x00000000c0000000, 0x0000000100000000)
  region size 1024K, 65 young (66560K), 9 survivors (9216K)
 Metaspace       used 47138K, capacity 49446K, committed 49616K, reserved 1093632K
  class space    used 4867K, capacity 5663K, committed 5760K, reserved 1048576K
}
Event: 8.036 GC heap after
{Heap after GC invocations=10 (full 0):
 garbage-first heap   total 129024K, used 32558K [0x00000000c0000000, 0x0000000100000000)
  region size 1024K, 6 young (6144K), 6 survivors (6144K)
 Metaspace       used 47138K, capacity 49446K, committed 49616K, reserved 1093632K
  class space    used 4867K, capacity 5663K, committed 5760K, reserved 1048576K
}
Event: 8.313 GC heap before
{Heap before GC invocations=10 (full 0):
 garbage-first heap   total 129024K, used 87854K [0x00000000c0000000, 0x0000000100000000)
  region size 1024K, 61 young (62464K), 6 survivors (6144K)
 Metaspace       used 49490K, capacity 51769K, committed 52048K, reserved 1095680K
  class space    used 5029K, capacity 5861K, committed 5888K, reserved 1048576K
}
Event: 8.325 GC heap after
{Heap after GC invocations=11 (full 0):
 garbage-first heap   total 129024K, used 38837K [0x00000000c0000000, 0x0000000100000000)
  region size 1024K, 7 young (7168K), 7 survivors (7168K)
 Metaspace       used 49490K, capacity 51769K, committed 52048K, reserved 1095680K
  class space    used 5029K, capacity 5861K, committed 5888K, reserved 1048576K
}

